SF:lib/ui/screens/post/post_controller_impl.g.dart
DA:9,1
DA:14,0
DA:16,1
DA:18,2
DA:20,4
DA:21,2
DA:24,1
DA:26,4
DA:28,2
DA:29,4
DA:53,4
DA:56,1
DA:61,1
DA:68,0
DA:72,0
DA:73,0
DA:74,0
DA:75,0
DA:81,0
DA:86,0
DA:90,0
DA:98,1
DA:102,1
DA:103,2
DA:104,1
DA:105,1
DA:106,1
DA:121,1
DA:131,1
DA:137,1
DA:141,1
DA:142,1
DA:143,1
DA:144,1
DA:148,0
DA:150,0
DA:152,0
DA:153,0
DA:154,0
DA:155,0
DA:156,0
DA:157,0
DA:162,0
DA:163,0
DA:164,0
DA:169,1
DA:172,1
DA:175,1
DA:177,1
DA:178,3
DA:179,3
DA:180,3
DA:183,1
DA:185,3
DA:186,3
DA:187,3
DA:188,3
DA:190,1
DA:208,1
DA:210,0
DA:212,0
DA:213,0
DA:215,0
DA:216,0
DA:217,0
LF:65
LH:39
end_of_record
SF:lib/ui/screens/post/post_controller_impl.dart
DA:16,1
DA:23,1
DA:25,1
DA:26,2
DA:27,3
DA:30,3
DA:31,2
DA:32,1
DA:38,1
DA:39,2
DA:41,0
DA:42,0
DA:43,0
DA:46,1
DA:48,1
DA:49,0
DA:50,0
DA:52,0
DA:58,2
DA:59,1
DA:61,0
DA:65,1
DA:66,1
DA:67,1
DA:68,1
DA:72,1
DA:73,4
DA:74,1
DA:75,2
DA:78,1
DA:79,0
DA:84,0
DA:85,0
LF:33
LH:23
end_of_record
SF:lib/ui/screens/post/post_model.dart
DA:8,6
DA:18,2
DA:20,0
DA:21,0
DA:35,1
DA:38,1
DA:39,1
DA:40,1
DA:41,1
DA:42,2
DA:43,1
DA:44,1
DA:45,0
DA:46,0
DA:48,1
DA:61,0
DA:64,0
DA:65,0
DA:66,0
DA:67,0
DA:68,0
DA:69,0
DA:70,0
DA:71,0
DA:73,0
DA:86,1
DA:89,1
DA:90,1
DA:91,1
DA:92,1
DA:93,1
LF:31
LH:17
end_of_record
SF:lib/ui/screens/home/home_model.dart
DA:19,1
DA:28,0
DA:29,0
DA:30,0
DA:31,0
DA:32,0
DA:33,0
DA:39,1
DA:48,0
DA:49,0
DA:50,0
DA:51,0
DA:52,0
DA:53,0
LF:14
LH:2
end_of_record
SF:lib/ui/screens/home/home_view.dart
DA:11,1
DA:17,1
DA:18,1
DA:19,1
DA:21,2
DA:23,1
DA:26,2
DA:28,2
DA:31,3
DA:32,1
DA:33,0
DA:34,0
DA:37,2
DA:38,1
DA:39,1
DA:41,1
DA:42,1
DA:43,1
DA:44,1
DA:45,0
DA:46,0
DA:47,1
DA:48,1
DA:49,1
DA:50,2
DA:51,2
DA:52,3
DA:54,1
DA:57,0
DA:58,1
LF:30
LH:25
end_of_record
SF:lib/ui/widgets/custom_app_bar.dart
DA:10,8
DA:18,8
DA:21,8
DA:22,8
DA:23,8
DA:25,8
DA:26,8
DA:27,8
DA:28,1
DA:31,1
DA:32,1
DA:37,8
DA:38,7
DA:39,7
DA:40,7
DA:41,28
DA:42,21
DA:50,8
DA:51,8
LF:19
LH:19
end_of_record
SF:lib/ui/widgets/post_preview.dart
DA:14,2
DA:23,2
DA:24,2
DA:25,2
DA:27,2
DA:28,2
DA:30,2
DA:32,2
DA:35,2
DA:40,4
DA:42,2
DA:44,8
DA:50,6
DA:51,8
DA:54,4
DA:55,4
DA:58,2
DA:59,2
DA:60,2
DA:61,6
DA:67,2
DA:68,2
DA:69,6
DA:78,4
DA:80,2
DA:81,2
DA:82,4
LF:27
LH:27
end_of_record
SF:lib/ui/widgets/custom_cached_network_image.dart
DA:9,6
DA:16,6
DA:17,6
DA:18,6
DA:19,6
DA:20,6
DA:21,6
DA:23,6
DA:25,0
LF:9
LH:8
end_of_record
SF:lib/ui/widgets/custom_card.dart
DA:7,3
DA:13,3
DA:14,3
DA:18,9
DA:19,3
DA:20,3
DA:21,3
DA:23,9
DA:27,3
DA:28,3
DA:29,3
LF:11
LH:11
end_of_record
SF:lib/ui/screens/create_post/create_post_controller_impl.g.dart
DA:9,1
DA:14,0
DA:16,1
DA:18,2
DA:20,4
DA:21,2
DA:24,1
DA:26,4
DA:28,2
DA:29,4
DA:51,1
DA:54,1
DA:58,1
DA:64,0
DA:68,0
DA:69,0
DA:70,0
DA:76,0
DA:81,0
DA:85,0
DA:93,1
DA:96,1
DA:97,2
DA:98,1
DA:99,1
DA:113,1
DA:122,1
DA:127,1
DA:131,1
DA:132,1
DA:133,1
DA:137,0
DA:139,0
DA:141,0
DA:142,0
DA:143,0
DA:144,0
DA:145,0
DA:150,0
DA:151,0
DA:156,1
DA:159,1
DA:162,1
DA:164,1
DA:165,3
DA:166,3
DA:169,1
DA:171,3
DA:172,3
DA:173,3
DA:175,1
DA:191,1
DA:193,0
DA:195,0
DA:196,0
DA:198,0
LF:56
LH:35
end_of_record
SF:lib/ui/screens/create_post/create_post_controller_impl.dart
DA:15,1
DA:22,1
DA:28,2
DA:29,2
DA:32,1
DA:33,3
DA:34,1
DA:35,1
DA:36,2
DA:39,1
DA:41,1
DA:42,3
DA:49,1
DA:51,2
LF:14
LH:14
end_of_record
SF:lib/ui/screens/post/post_view.dart
DA:17,1
DA:23,1
DA:24,1
DA:25,1
DA:26,2
DA:27,2
DA:28,0
DA:29,0
DA:31,1
DA:33,2
DA:36,2
DA:37,1
DA:38,1
DA:39,1
DA:43,0
DA:44,0
DA:46,1
DA:47,1
DA:48,2
DA:49,1
DA:50,1
DA:51,1
DA:52,1
DA:53,1
DA:54,1
DA:55,1
DA:56,1
DA:59,1
DA:60,2
DA:61,2
DA:67,0
DA:69,0
DA:75,0
DA:78,1
DA:79,1
DA:80,1
DA:81,1
DA:83,1
DA:84,0
DA:85,0
DA:87,1
DA:88,1
DA:92,2
DA:93,2
DA:94,2
DA:95,1
DA:96,0
DA:97,0
DA:101,0
DA:102,0
DA:103,0
DA:104,0
DA:105,0
DA:107,0
DA:108,0
DA:109,0
DA:111,0
DA:112,0
DA:120,0
DA:124,0
DA:125,0
DA:126,0
DA:128,0
DA:129,0
DA:131,0
DA:132,0
DA:134,0
DA:135,0
DA:136,0
DA:137,0
DA:141,0
DA:142,0
DA:143,0
DA:144,0
DA:145,0
DA:146,0
DA:147,0
DA:148,0
DA:149,0
DA:158,0
DA:159,0
DA:160,0
DA:161,0
DA:163,0
LF:84
LH:37
end_of_record
SF:lib/ui/widgets/custom_text_field.dart
DA:7,1
DA:13,1
DA:14,1
DA:20,1
DA:22,1
DA:23,2
DA:26,1
DA:28,2
DA:29,1
DA:32,1
DA:33,1
DA:34,1
DA:35,1
DA:36,2
DA:37,3
DA:41,1
DA:44,1
DA:45,0
DA:46,0
DA:47,0
DA:48,0
DA:53,1
DA:54,3
DA:55,2
DA:56,1
DA:60,4
LF:26
LH:22
end_of_record
SF:lib/ui/widgets/message.dart
DA:11,2
DA:20,2
DA:21,2
DA:24,2
DA:25,2
DA:26,2
DA:27,2
DA:29,2
DA:34,4
DA:35,2
DA:42,6
DA:44,4
DA:45,4
DA:48,2
DA:49,2
DA:50,3
DA:53,2
DA:54,2
DA:55,8
DA:59,4
DA:60,1
DA:61,2
DA:62,4
DA:63,1
DA:64,1
DA:65,1
DA:66,1
LF:27
LH:27
end_of_record
SF:lib/ui/screens/create_post/create_post_view.dart
DA:7,1
DA:10,1
DA:11,1
DA:18,1
DA:20,1
DA:21,2
DA:22,2
DA:25,1
DA:27,2
DA:28,2
DA:29,1
DA:32,2
DA:33,2
DA:36,1
DA:37,2
DA:41,2
DA:42,2
DA:45,1
DA:48,2
DA:52,1
DA:53,1
DA:54,1
DA:55,1
DA:56,1
DA:57,3
DA:58,2
DA:59,2
DA:63,1
DA:64,1
DA:65,1
DA:66,3
DA:67,2
DA:68,2
DA:69,0
DA:70,0
DA:71,0
DA:79,1
DA:80,1
DA:81,1
DA:83,1
DA:85,1
DA:87,1
LF:42
LH:39
end_of_record
SF:lib/ui/widgets/custom_text_form_field.dart
DA:15,4
DA:29,3
DA:30,3
DA:39,3
DA:41,3
DA:42,9
DA:43,6
DA:44,9
DA:47,3
DA:49,10
DA:50,3
DA:53,3
DA:54,3
DA:56,3
DA:57,8
DA:58,2
DA:59,4
DA:60,6
DA:64,3
DA:65,3
DA:66,8
DA:67,0
DA:68,3
DA:70,6
DA:72,9
DA:73,6
DA:74,2
DA:75,2
DA:76,2
DA:80,1
DA:81,2
DA:82,2
DA:88,6
DA:89,6
DA:90,6
LF:35
LH:34
end_of_record
SF:lib/ui/screens/chat/chat_model.dart
DA:30,0
DA:31,0
DA:32,0
DA:33,0
DA:34,0
DA:47,0
DA:50,0
DA:51,0
DA:52,0
DA:53,0
DA:54,0
LF:11
LH:0
end_of_record
SF:lib/ui/screens/chat/chat_view.dart
DA:17,3
DA:25,3
DA:30,1
DA:36,1
DA:37,1
DA:38,1
DA:39,2
DA:40,3
DA:41,0
DA:42,0
DA:44,2
DA:45,3
DA:46,0
DA:47,0
DA:50,2
DA:51,1
DA:52,1
DA:53,1
DA:57,2
DA:58,1
DA:59,1
DA:60,1
DA:62,1
DA:66,2
DA:69,0
DA:70,2
DA:71,1
DA:73,2
DA:74,3
DA:76,1
DA:79,1
DA:80,1
DA:81,4
DA:83,1
DA:86,1
DA:87,3
DA:88,1
DA:89,1
DA:90,1
DA:92,0
DA:96,2
DA:97,1
DA:98,2
DA:99,1
DA:100,0
DA:101,0
DA:102,1
DA:104,1
DA:106,0
DA:107,0
DA:108,0
DA:109,1
DA:110,1
DA:111,1
DA:112,1
DA:114,1
DA:116,1
DA:117,2
DA:119,1
DA:120,3
DA:121,3
DA:137,2
DA:140,2
DA:147,0
DA:152,0
DA:153,0
DA:155,0
DA:158,0
DA:159,0
DA:160,0
DA:163,0
DA:164,0
DA:165,0
DA:166,0
DA:176,1
DA:177,1
DA:179,1
DA:181,1
DA:183,1
DA:185,1
DA:187,1
DA:190,1
DA:191,1
DA:193,1
DA:195,1
DA:196,1
DA:197,1
DA:198,2
DA:199,1
DA:210,0
DA:214,0
DA:215,0
DA:216,0
LF:93
LH:67
end_of_record
SF:lib/ui/screens/search/search_controller_impl.g.dart
DA:9,1
DA:14,0
DA:16,1
DA:18,2
DA:20,4
DA:21,2
DA:24,1
DA:26,4
DA:28,2
DA:29,4
DA:51,1
DA:54,1
DA:58,1
DA:64,0
DA:68,0
DA:69,0
DA:70,0
DA:76,0
DA:81,0
DA:85,0
DA:93,1
DA:96,1
DA:97,2
DA:98,1
DA:99,1
DA:113,1
DA:122,1
DA:127,1
DA:131,1
DA:132,1
DA:133,1
DA:137,0
DA:139,0
DA:141,0
DA:142,0
DA:143,0
DA:144,0
DA:145,0
DA:150,0
DA:151,0
DA:156,1
DA:159,1
DA:162,1
DA:164,1
DA:165,3
DA:166,3
DA:169,1
DA:171,3
DA:172,3
DA:173,3
DA:175,1
DA:190,1
DA:192,0
DA:194,0
DA:195,0
DA:197,0
LF:56
LH:35
end_of_record
SF:lib/ui/screens/search/search_controller_impl.dart
DA:14,1
DA:21,1
DA:23,2
DA:26,1
DA:28,1
DA:29,0
DA:32,4
DA:33,1
DA:34,1
DA:35,1
DA:36,1
DA:37,1
DA:38,2
DA:40,1
DA:41,5
DA:43,2
DA:44,1
DA:45,1
DA:46,3
DA:47,0
DA:48,0
DA:49,0
DA:54,1
DA:55,1
DA:58,1
DA:59,0
DA:66,1
DA:68,2
DA:70,1
DA:72,5
LF:30
LH:25
end_of_record
SF:lib/ui/screens/search/search_model.dart
DA:22,1
DA:25,1
DA:26,1
DA:27,1
DA:28,1
LF:5
LH:5
end_of_record
SF:lib/ui/screens/search/search_view.dart
DA:13,1
DA:21,1
DA:22,1
DA:23,1
DA:25,1
DA:26,2
DA:30,1
DA:31,1
DA:32,1
DA:34,1
DA:35,0
DA:36,2
DA:37,2
DA:40,3
DA:45,2
DA:46,1
DA:48,1
DA:49,1
DA:50,1
DA:55,1
DA:56,1
DA:61,1
DA:62,1
DA:68,1
DA:69,2
DA:71,1
DA:73,1
DA:74,2
DA:75,2
DA:76,2
DA:78,0
DA:79,0
DA:83,0
DA:84,0
DA:86,0
DA:87,0
DA:88,0
DA:89,0
DA:94,0
DA:95,0
DA:100,0
DA:101,0
LF:42
LH:29
end_of_record
SF:lib/ui/widgets/custom_search_bar.dart
DA:8,3
DA:15,3
DA:16,3
DA:28,3
DA:30,12
DA:31,3
DA:34,0
DA:36,0
DA:37,0
DA:38,0
DA:39,0
DA:41,0
DA:46,3
DA:48,6
DA:49,3
DA:52,3
DA:53,3
DA:55,3
DA:56,3
DA:57,3
DA:67,12
DA:68,1
DA:73,1
DA:74,3
DA:75,3
DA:80,0
LF:26
LH:19
end_of_record
SF:lib/ui/widgets/icon_row.dart
DA:12,3
DA:20,2
DA:21,2
DA:22,6
DA:23,2
DA:24,2
DA:25,2
DA:26,2
DA:27,4
DA:28,2
DA:29,8
DA:30,2
DA:32,2
DA:33,2
DA:34,2
DA:35,2
DA:36,6
DA:42,2
LF:18
LH:18
end_of_record
SF:lib/ui/screens/profile/profile_model.dart
DA:8,1
DA:19,0
DA:20,0
DA:21,0
DA:22,0
DA:23,0
DA:24,0
DA:25,0
DA:26,0
DA:29,0
DA:32,0
DA:33,0
DA:34,0
DA:35,0
DA:36,0
DA:37,0
DA:38,0
DA:39,0
LF:18
LH:1
end_of_record
SF:lib/ui/screens/profile/profile_view.dart
DA:22,1
DA:28,1
DA:29,1
DA:31,2
DA:32,1
DA:33,1
DA:34,1
DA:38,2
DA:39,2
DA:40,1
DA:41,1
DA:42,1
DA:44,1
DA:45,3
DA:47,1
DA:48,2
DA:49,2
DA:52,1
DA:54,1
DA:55,1
DA:57,1
DA:59,1
DA:70,2
DA:71,2
DA:72,2
DA:79,2
DA:80,2
DA:81,2
DA:87,2
DA:88,2
DA:89,2
DA:95,2
DA:98,0
DA:105,1
DA:106,1
DA:107,2
DA:108,1
DA:109,1
DA:117,3
DA:119,0
DA:121,1
DA:131,0
DA:137,0
DA:140,0
DA:141,0
LF:45
LH:39
end_of_record
SF:lib/ui/screens/chats/chats_model.dart
DA:8,2
DA:18,0
DA:21,0
DA:22,0
DA:23,0
DA:24,0
DA:25,0
DA:26,0
DA:29,0
DA:30,0
DA:43,0
DA:44,0
DA:45,0
DA:46,0
DA:47,0
DA:48,0
LF:16
LH:1
end_of_record
SF:lib/ui/screens/chats/chats_view.dart
DA:14,1
DA:16,1
DA:17,1
DA:19,2
DA:20,1
DA:21,1
DA:22,1
DA:26,0
DA:28,0
DA:30,2
DA:31,1
DA:32,1
DA:34,3
DA:36,1
DA:37,1
DA:39,0
LF:16
LH:13
end_of_record
SF:lib/ui/screens/chats/widgets/chats_list.dart
DA:10,1
DA:17,1
DA:18,1
DA:19,1
DA:20,2
DA:21,1
DA:22,2
DA:23,1
DA:24,1
DA:25,1
DA:26,1
DA:27,1
DA:33,2
DA:34,2
DA:35,0
LF:15
LH:14
end_of_record
SF:lib/ui/widgets/custom_bottom_navigation_bar.dart
DA:16,1
DA:23,1
DA:24,1
DA:26,1
DA:27,1
DA:28,1
DA:29,1
DA:30,2
DA:31,1
DA:34,1
DA:35,1
DA:36,1
DA:37,3
DA:38,3
DA:39,3
DA:42,2
DA:43,1
DA:44,1
DA:46,1
DA:49,1
DA:50,2
DA:51,2
DA:55,1
DA:57,2
LF:24
LH:24
end_of_record
